autoscan: warning: missing AC_CHECK_FUNCS([alarm]) wanted by: 
	src/wpa_supplicant/wpa_supplicant/wpa_cli.c:2031
	src/wpa_supplicant/wpa_supplicant/wpa_cli.c:2053
	src/wpa_supplicant/wpa_supplicant/wpa_cli.c:2208
	src/wpa_supplicant/src/utils/eloop.c:407
	src/wpa_supplicant/src/utils/eloop.c:431
autoscan: warning: missing AC_CHECK_FUNCS([dup2]) wanted by: 
	src/wpa_supplicant/src/utils/os_unix.c:114
	src/wpa_supplicant/src/utils/os_unix.c:119
	src/wpa_supplicant/src/utils/os_unix.c:124
autoscan: warning: missing AC_CHECK_FUNCS([getcwd]) wanted by: 
	src/wpa_supplicant/src/utils/os_internal.c:135
	src/wpa_supplicant/src/utils/os_unix.c:203
autoscan: warning: missing AC_CHECK_FUNCS([memmove]) wanted by: 
	src/wpa_supplicant/src/utils/eloop_none.c:109
autoscan: warning: missing AC_CHECK_FUNCS([mkdir]) wanted by: 
	src/wpa_supplicant/wpa_supplicant/ctrl_iface_unix.c:291
	src/wpa_supplicant/src/wps/wps_ufd.c:117
autoscan: warning: missing AC_CHECK_FUNCS([rmdir]) wanted by: 
	src/wpa_supplicant/wpa_supplicant/ctrl_iface_unix.c:460
autoscan: warning: missing AC_CHECK_FUNCS([setenv]) wanted by: 
	src/wpa_supplicant/src/utils/os_internal.c:175
	src/wpa_supplicant/src/utils/os_unix.c:268
autoscan: warning: missing AC_CHECK_FUNCS([strchr]) wanted by: 
	src/wpa_supplicant/wpa_supplicant/dbus/dbus_old.c:61
	src/wpa_supplicant/wpa_supplicant/wpa_gui-qt4/wpagui.cpp:326
	src/wpa_supplicant/wpa_supplicant/wpa_gui-qt4/wpagui.cpp:418
	src/wpa_supplicant/wpa_supplicant/wpa_gui-qt4/wpagui.cpp:533
	src/wpa_supplicant/wpa_supplicant/wpa_gui-qt4/wpagui.cpp:542
	src/wpa_supplicant/wpa_supplicant/wpa_gui-qt4/wpagui.cpp:632
	src/wpa_supplicant/wpa_supplicant/wpa_gui-qt4/wpagui.cpp:639
	src/wpa_supplicant/wpa_supplicant/wpa_gui-qt4/wpagui.cpp:649
	src/wpa_supplicant/wpa_supplicant/wpa_gui-qt4/wpagui.cpp:653
	src/wpa_supplicant/wpa_supplicant/wpa_gui-qt4/wpagui.cpp:657
	src/wpa_supplicant/wpa_supplicant/wpa_gui-qt4/wpagui.cpp:845
	src/wpa_supplicant/wpa_supplicant/wpa_gui-qt4/wpagui.cpp:863
	src/wpa_supplicant/wpa_supplicant/wpa_gui-qt4/userdatarequest.cpp:50
	src/wpa_supplicant/wpa_supplicant/wpa_gui-qt4/userdatarequest.cpp:57
	src/wpa_supplicant/wpa_supplicant/wpa_gui-qt4/networkconfig.cpp:522
	src/wpa_supplicant/wpa_supplicant/wpa_gui-qt4/networkconfig.cpp:574
	src/wpa_supplicant/wpa_supplicant/wpa_gui-qt4/networkconfig.cpp:587
	src/wpa_supplicant/wpa_supplicant/wpa_gui-qt4/networkconfig.cpp:598
	src/wpa_supplicant/wpa_supplicant/wpa_gui-qt4/networkconfig.cpp:611
	src/wpa_supplicant/wpa_supplicant/wpa_gui-qt4/networkconfig.cpp:714
	src/wpa_supplicant/wpa_supplicant/wpa_gui-qt4/networkconfig.cpp:771
	src/wpa_supplicant/wpa_supplicant/wpa_gui/userdatarequest.ui.h:22
	src/wpa_supplicant/wpa_supplicant/wpa_gui/userdatarequest.ui.h:29
	src/wpa_supplicant/wpa_supplicant/wpa_gui/networkconfig.ui.h:317
	src/wpa_supplicant/wpa_supplicant/wpa_gui/networkconfig.ui.h:328
	src/wpa_supplicant/wpa_supplicant/wpa_gui/networkconfig.ui.h:379
	src/wpa_supplicant/wpa_supplicant/wpa_gui/networkconfig.ui.h:392
	src/wpa_supplicant/wpa_supplicant/wpa_gui/networkconfig.ui.h:404
	src/wpa_supplicant/wpa_supplicant/wpa_gui/networkconfig.ui.h:417
	src/wpa_supplicant/wpa_supplicant/wpa_gui/networkconfig.ui.h:457
	src/wpa_supplicant/wpa_supplicant/wpa_gui/wpagui.ui.h:167
	src/wpa_supplicant/wpa_supplicant/wpa_gui/wpagui.ui.h:243
	src/wpa_supplicant/wpa_supplicant/wpa_gui/wpagui.ui.h:312
	src/wpa_supplicant/wpa_supplicant/wpa_gui/wpagui.ui.h:321
	src/wpa_supplicant/wpa_supplicant/wpa_gui/wpagui.ui.h:402
	src/wpa_supplicant/wpa_supplicant/wpa_gui/wpagui.ui.h:409
	src/wpa_supplicant/wpa_supplicant/wpa_gui/wpagui.ui.h:419
	src/wpa_supplicant/wpa_supplicant/wpa_gui/wpagui.ui.h:423
	src/wpa_supplicant/wpa_supplicant/wpa_gui/wpagui.ui.h:427
	src/wpa_supplicant/wpa_supplicant/wpa_gui/wpagui.ui.h:589
	src/wpa_supplicant/wpa_supplicant/wpa_gui/wpagui.ui.h:605
	src/wpa_supplicant/src/wps/wps_upnp.c:335
	src/wpa_supplicant/src/drivers/driver_hostap.c:606
	src/wpa_supplicant/src/drivers/driver_test.c:578
	src/wpa_supplicant/src/drivers/driver_madwifi.c:607
	src/wpa_supplicant/src/drivers/driver_madwifi.c:891
	src/wpa_supplicant/src/drivers/driver_madwifi.c:893
	src/wpa_supplicant/src/drivers/driver_atheros.c:790
	src/wpa_supplicant/src/drivers/driver_atheros.c:792
autoscan: warning: missing AC_CHECK_FUNCS([strdup]) wanted by: 
	src/wpa_supplicant/wpa_supplicant/wpa_cli.c:1930
	src/wpa_supplicant/wpa_supplicant/wpa_cli.c:1974
	src/wpa_supplicant/wpa_supplicant/wpa_gui-qt4/wpagui.cpp:146
	src/wpa_supplicant/wpa_supplicant/wpa_gui-qt4/wpagui.cpp:252
	src/wpa_supplicant/wpa_supplicant/wpa_gui-qt4/wpagui.cpp:256
	src/wpa_supplicant/wpa_supplicant/wpa_gui-qt4/wpagui.cpp:276
	src/wpa_supplicant/wpa_supplicant/wpa_gui-qt4/wpagui.cpp:281
	src/wpa_supplicant/wpa_supplicant/wpa_gui-qt4/wpagui.cpp:305
	src/wpa_supplicant/wpa_supplicant/wpa_gui-qt4/wpagui.cpp:329
	src/wpa_supplicant/wpa_supplicant/wpa_gui-qt4/userdatarequest.cpp:47
	src/wpa_supplicant/wpa_supplicant/wpa_gui/userdatarequest.ui.h:19
	src/wpa_supplicant/wpa_supplicant/wpa_gui/wpagui.ui.h:30
	src/wpa_supplicant/wpa_supplicant/wpa_gui/wpagui.ui.h:99
	src/wpa_supplicant/wpa_supplicant/wpa_gui/wpagui.ui.h:103
	src/wpa_supplicant/wpa_supplicant/wpa_gui/wpagui.ui.h:120
	src/wpa_supplicant/wpa_supplicant/wpa_gui/wpagui.ui.h:125
	src/wpa_supplicant/wpa_supplicant/wpa_gui/wpagui.ui.h:148
	src/wpa_supplicant/wpa_supplicant/wpa_gui/wpagui.ui.h:170
	src/wpa_supplicant/src/utils/trace.c:48
autoscan: warning: missing AC_CHECK_FUNCS([strerror]) wanted by: 
	src/wpa_supplicant/wpa_supplicant/ctrl_iface_unix.c:332
	src/wpa_supplicant/wpa_supplicant/ctrl_iface_unix.c:359
	src/wpa_supplicant/wpa_supplicant/ctrl_iface_unix.c:526
	src/wpa_supplicant/wpa_supplicant/wpa_priv.c:637
	src/wpa_supplicant/src/radius/radius_client.c:1115
	src/wpa_supplicant/src/radius/radius_server.c:964
	src/wpa_supplicant/src/wps/wps_upnp.c:436
	src/wpa_supplicant/src/wps/wps_upnp.c:871
	src/wpa_supplicant/src/wps/wps_upnp.c:883
	src/wpa_supplicant/src/wps/http_server.c:150
	src/wpa_supplicant/src/wps/http_server.c:216
	src/wpa_supplicant/src/wps/http_server.c:273
	src/wpa_supplicant/src/wps/http_client.c:102
	src/wpa_supplicant/src/wps/http_client.c:159
	src/wpa_supplicant/src/wps/http_client.c:167
	src/wpa_supplicant/src/wps/wps_ufd.c:67
	src/wpa_supplicant/src/wps/wps_ufd.c:119
	src/wpa_supplicant/src/wps/wps_ufd.c:164
	src/wpa_supplicant/src/wps/wps_er_ssdp.c:157
	src/wpa_supplicant/src/wps/wps_upnp_ssdp.c:261
	src/wpa_supplicant/src/wps/wps_upnp_ssdp.c:306
	src/wpa_supplicant/src/wps/wps_upnp_ssdp.c:423
	src/wpa_supplicant/src/wps/wps_upnp_ssdp.c:843
	src/wpa_supplicant/src/wps/wps_upnp_ssdp.c:898
	src/wpa_supplicant/src/drivers/netlink.c:59
	src/wpa_supplicant/src/drivers/netlink.c:111
	src/wpa_supplicant/src/drivers/netlink.c:122
	src/wpa_supplicant/src/drivers/netlink.c:200
	src/wpa_supplicant/src/drivers/driver_hostap.c:328
	src/wpa_supplicant/src/drivers/driver_test.c:1261
	src/wpa_supplicant/src/drivers/linux_ioctl.c:36
	src/wpa_supplicant/src/drivers/linux_ioctl.c:52
	src/wpa_supplicant/src/drivers/linux_ioctl.c:68
	src/wpa_supplicant/src/drivers/linux_ioctl.c:94
	src/wpa_supplicant/src/drivers/linux_ioctl.c:120
	src/wpa_supplicant/src/drivers/linux_ioctl.c:132
	src/wpa_supplicant/src/drivers/linux_ioctl.c:154
	src/wpa_supplicant/src/drivers/linux_ioctl.c:176
	src/wpa_supplicant/src/drivers/driver_bsd.c:88
	src/wpa_supplicant/src/drivers/driver_bsd.c:108
	src/wpa_supplicant/src/drivers/driver_bsd.c:187
	src/wpa_supplicant/src/drivers/driver_bsd.c:206
	src/wpa_supplicant/src/drivers/driver_bsd.c:1084
	src/wpa_supplicant/src/drivers/driver_bsd.c:1090
	src/wpa_supplicant/src/drivers/driver_bsd.c:1353
	src/wpa_supplicant/src/drivers/driver_bsd.c:1449
	src/wpa_supplicant/src/drivers/driver_bsd.c:1454
	src/wpa_supplicant/src/drivers/driver_bsd.c:1459
	src/wpa_supplicant/src/drivers/driver_atheros.c:721
	src/wpa_supplicant/src/drivers/driver_wext.c:60
	src/wpa_supplicant/src/drivers/driver_nl80211.c:1283
	src/wpa_supplicant/src/drivers/driver_nl80211.c:1293
	src/wpa_supplicant/src/drivers/driver_nl80211.c:1404
	src/wpa_supplicant/src/drivers/driver_nl80211.c:1505
	src/wpa_supplicant/src/drivers/driver_nl80211.c:1511
	src/wpa_supplicant/src/drivers/driver_nl80211.c:1654
	src/wpa_supplicant/src/drivers/driver_nl80211.c:1980
	src/wpa_supplicant/src/drivers/driver_nl80211.c:2104
	src/wpa_supplicant/src/drivers/driver_nl80211.c:2138
	src/wpa_supplicant/src/drivers/driver_nl80211.c:2277
	src/wpa_supplicant/src/drivers/driver_nl80211.c:2417
	src/wpa_supplicant/src/drivers/driver_nl80211.c:2831
	src/wpa_supplicant/src/drivers/driver_nl80211.c:2878
	src/wpa_supplicant/src/drivers/driver_nl80211.c:2915
	src/wpa_supplicant/src/drivers/driver_nl80211.c:3019
	src/wpa_supplicant/src/drivers/driver_nl80211.c:3492
	src/wpa_supplicant/src/drivers/driver_nl80211.c:3608
	src/wpa_supplicant/src/drivers/driver_nl80211.c:3674
	src/wpa_supplicant/src/drivers/driver_nl80211.c:3828
	src/wpa_supplicant/src/drivers/driver_nl80211.c:3917
	src/wpa_supplicant/src/drivers/driver_nl80211.c:3951
	src/wpa_supplicant/src/drivers/driver_nl80211.c:4272
	src/wpa_supplicant/src/drivers/driver_nl80211.c:4304
	src/wpa_supplicant/src/drivers/driver_nl80211.c:4645
	src/wpa_supplicant/src/drivers/driver_nl80211.c:4662
	src/wpa_supplicant/src/drivers/driver_nl80211.c:4672
	src/wpa_supplicant/src/drivers/driver_nl80211.c:4957
	src/wpa_supplicant/src/drivers/driver_nl80211.c:5003
	src/wpa_supplicant/src/drivers/driver_nl80211.c:5040
	src/wpa_supplicant/src/drivers/driver_nl80211.c:5140
	src/wpa_supplicant/src/l2_packet/l2_packet_freebsd.c:152
	src/wpa_supplicant/src/l2_packet/l2_packet_pcap.c:266
	src/wpa_supplicant/src/ap/vlan_init.c:687
	src/wpa_supplicant/src/ap/vlan_init.c:710
	src/wpa_supplicant/src/ap/wps_hostapd.c:403
	src/wpa_supplicant/src/ap/ieee802_11.c:821
	src/wpa_supplicant/src/ap/ieee802_11.c:882
autoscan: warning: missing AC_CHECK_FUNCS([strspn]) wanted by: 
	src/wpa_supplicant/src/drivers/driver_wext.c:255
	src/wpa_supplicant/src/drivers/driver_wext.c:275
autoscan: warning: missing AC_CHECK_FUNCS([strstr]) wanted by: 
	src/wpa_supplicant/wpa_supplicant/dbus/dbus_old.c:63
	src/wpa_supplicant/wpa_supplicant/dbus/dbus_old.c:65
	src/wpa_supplicant/wpa_supplicant/wpa_gui-qt4/wpagui.cpp:668
	src/wpa_supplicant/wpa_supplicant/wpa_gui-qt4/wpagui.cpp:673
	src/wpa_supplicant/wpa_supplicant/wpa_gui-qt4/wpagui.cpp:914
	src/wpa_supplicant/wpa_supplicant/wpa_gui-qt4/networkconfig.cpp:533
	src/wpa_supplicant/wpa_supplicant/wpa_gui-qt4/networkconfig.cpp:533
	src/wpa_supplicant/wpa_supplicant/wpa_gui-qt4/networkconfig.cpp:535
	src/wpa_supplicant/wpa_supplicant/wpa_gui-qt4/networkconfig.cpp:544
	src/wpa_supplicant/wpa_supplicant/wpa_gui-qt4/networkconfig.cpp:546
	src/wpa_supplicant/wpa_supplicant/wpa_gui-qt4/networkconfig.cpp:548
	src/wpa_supplicant/wpa_supplicant/wpa_gui-qt4/networkconfig.cpp:558
	src/wpa_supplicant/wpa_supplicant/wpa_gui-qt4/networkconfig.cpp:561
	src/wpa_supplicant/wpa_supplicant/wpa_gui-qt4/networkconfig.cpp:563
	src/wpa_supplicant/wpa_supplicant/wpa_gui/networkconfig.ui.h:339
	src/wpa_supplicant/wpa_supplicant/wpa_gui/networkconfig.ui.h:339
	src/wpa_supplicant/wpa_supplicant/wpa_gui/networkconfig.ui.h:341
	src/wpa_supplicant/wpa_supplicant/wpa_gui/networkconfig.ui.h:350
	src/wpa_supplicant/wpa_supplicant/wpa_gui/networkconfig.ui.h:352
	src/wpa_supplicant/wpa_supplicant/wpa_gui/networkconfig.ui.h:354
	src/wpa_supplicant/wpa_supplicant/wpa_gui/networkconfig.ui.h:364
	src/wpa_supplicant/wpa_supplicant/wpa_gui/networkconfig.ui.h:366
	src/wpa_supplicant/wpa_supplicant/wpa_gui/networkconfig.ui.h:368
	src/wpa_supplicant/wpa_supplicant/wpa_gui/wpagui.ui.h:437
	src/wpa_supplicant/wpa_supplicant/wpa_gui/wpagui.ui.h:440
	src/wpa_supplicant/src/drivers/driver_hostap.c:801
	src/wpa_supplicant/src/drivers/driver_test.c:270
	src/wpa_supplicant/src/drivers/driver_madwifi.c:867
	src/wpa_supplicant/src/drivers/driver_atheros.c:766
	src/wpa_supplicant/src/crypto/tls_gnutls.c:491
	src/wpa_supplicant/src/crypto/tls_gnutls.c:531
autoscan: warning: missing AC_CHECK_FUNCS([strtol]) wanted by: 
	src/wpa_supplicant/wpa_supplicant/ctrl_iface_unix.c:311
	src/wpa_supplicant/src/radius/radius_server.c:1112
autoscan: warning: missing AC_CHECK_FUNCS([strtoul]) wanted by: 
	src/wpa_supplicant/wpa_supplicant/dbus/dbus_old.c:244
	src/wpa_supplicant/wpa_supplicant/dbus/dbus_new_handlers.c:1411
	src/wpa_supplicant/wpa_supplicant/dbus/dbus_new_handlers.c:1473
	src/wpa_supplicant/wpa_supplicant/dbus/dbus_old_handlers.c:857
	src/wpa_supplicant/wpa_supplicant/dbus/dbus_old_handlers.c:1106
	src/wpa_supplicant/src/eap_server/tncs.c:735
	src/wpa_supplicant/src/wps/httpread.c:562
	src/wpa_supplicant/src/drivers/driver_hostap.c:610
	src/wpa_supplicant/src/drivers/driver_madwifi.c:611
	src/wpa_supplicant/src/drivers/driver_madwifi.c:897
	src/wpa_supplicant/src/drivers/driver_atheros.c:796
	src/wpa_supplicant/src/eap_peer/tncc.c:666
autoscan: warning: missing AC_CHECK_HEADERS([fcntl.h]) wanted by: 
	src/wpa_supplicant/wpa_supplicant/wpa_priv.c:17
	src/wpa_supplicant/wpa_supplicant/main.c:17
	src/wpa_supplicant/src/wps/http_server.c:16
	src/wpa_supplicant/src/wps/http_client.c:16
	src/wpa_supplicant/src/wps/wps_ufd.c:20
	src/wpa_supplicant/src/wps/wps_upnp_ssdp.c:13
	src/wpa_supplicant/src/utils/os_unix.c:102
autoscan: warning: missing AC_CHECK_HEADERS([netdb.h]) wanted by: 
	src/wpa_supplicant/src/wps/wps_upnp.c:177
autoscan: warning: missing AC_CHECK_HEADERS([stddef.h]) wanted by: 
	src/wpa_supplicant/wpa_supplicant/ctrl_iface_unix.c:19
autoscan: warning: missing AC_CHECK_HEADERS([sys/ioctl.h]) wanted by: 
	src/wpa_supplicant/src/wps/wps_upnp.c:178
	src/wpa_supplicant/src/wps/wps_upnp_ssdp.c:14
	src/wpa_supplicant/src/drivers/driver_hostap.c:16
	src/wpa_supplicant/src/drivers/driver_wired.c:17
	src/wpa_supplicant/src/drivers/driver_roboswitch.c:16
	src/wpa_supplicant/src/drivers/driver_ndiswrapper.c:21
	src/wpa_supplicant/src/drivers/driver_madwifi.c:23
	src/wpa_supplicant/src/drivers/driver_ipw.c:22
	src/wpa_supplicant/src/drivers/driver_atmel.c:43
	src/wpa_supplicant/src/drivers/linux_ioctl.c:16
	src/wpa_supplicant/src/drivers/driver_broadcom.c:22
	src/wpa_supplicant/src/drivers/driver_bsd.c:17
	src/wpa_supplicant/src/drivers/driver_atheros.c:20
	src/wpa_supplicant/src/drivers/driver_wext.c:22
	src/wpa_supplicant/src/drivers/driver_ralink.c:18
	src/wpa_supplicant/src/drivers/driver_nl80211.c:20
	src/wpa_supplicant/src/l2_packet/l2_packet_linux.c:16
	src/wpa_supplicant/src/l2_packet/l2_packet_freebsd.c:22
	src/wpa_supplicant/src/l2_packet/l2_packet_pcap.c:17
	src/wpa_supplicant/src/ap/iapp.c:42
	src/wpa_supplicant/src/ap/vlan_init.c:28
autoscan: warning: missing AC_CHECK_HEADERS([syslog.h]) wanted by: 
	src/wpa_supplicant/src/utils/wpa_debug.c:20
autoscan: warning: missing AC_C_INLINE wanted by: 
	src/wpa_supplicant/wpa_supplicant/driver_i.h:21
	src/wpa_supplicant/wpa_supplicant/driver_i.h:33
	src/wpa_supplicant/wpa_supplicant/driver_i.h:39
	src/wpa_supplicant/wpa_supplicant/driver_i.h:47
	src/wpa_supplicant/wpa_supplicant/driver_i.h:57
	src/wpa_supplicant/wpa_supplicant/driver_i.h:65
	src/wpa_supplicant/wpa_supplicant/driver_i.h:74
	src/wpa_supplicant/wpa_supplicant/driver_i.h:82
	src/wpa_supplicant/wpa_supplicant/driver_i.h:90
	src/wpa_supplicant/wpa_supplicant/driver_i.h:98
	src/wpa_supplicant/wpa_supplicant/driver_i.h:106
	src/wpa_supplicant/wpa_supplicant/driver_i.h:121
	src/wpa_supplicant/wpa_supplicant/driver_i.h:131
	src/wpa_supplicant/wpa_supplicant/driver_i.h:141
	src/wpa_supplicant/wpa_supplicant/driver_i.h:150
	src/wpa_supplicant/wpa_supplicant/driver_i.h:160
	src/wpa_supplicant/wpa_supplicant/driver_i.h:168
	src/wpa_supplicant/wpa_supplicant/driver_i.h:177
	src/wpa_supplicant/wpa_supplicant/driver_i.h:184
	src/wpa_supplicant/wpa_supplicant/driver_i.h:192
	src/wpa_supplicant/wpa_supplicant/driver_i.h:200
	src/wpa_supplicant/wpa_supplicant/driver_i.h:210
	src/wpa_supplicant/wpa_supplicant/driver_i.h:218
	src/wpa_supplicant/wpa_supplicant/driver_i.h:229
	src/wpa_supplicant/wpa_supplicant/driver_i.h:239
	src/wpa_supplicant/wpa_supplicant/driver_i.h:249
	src/wpa_supplicant/wpa_supplicant/driver_i.h:259
	src/wpa_supplicant/wpa_supplicant/driver_i.h:268
	src/wpa_supplicant/wpa_supplicant/driver_i.h:276
	src/wpa_supplicant/wpa_supplicant/driver_i.h:285
	src/wpa_supplicant/wpa_supplicant/driver_i.h:295
	src/wpa_supplicant/wpa_supplicant/driver_i.h:303
	src/wpa_supplicant/wpa_supplicant/driver_i.h:313
	src/wpa_supplicant/wpa_supplicant/driver_i.h:323
	src/wpa_supplicant/wpa_supplicant/driver_i.h:335
	src/wpa_supplicant/wpa_supplicant/driver_i.h:343
	src/wpa_supplicant/wpa_supplicant/driver_i.h:351
	src/wpa_supplicant/wpa_supplicant/driver_i.h:363
	src/wpa_supplicant/wpa_supplicant/driver_i.h:374
	src/wpa_supplicant/wpa_supplicant/driver_i.h:384
	src/wpa_supplicant/wpa_supplicant/driver_i.h:397
	src/wpa_supplicant/wpa_supplicant/driver_i.h:410
	src/wpa_supplicant/wpa_supplicant/driver_i.h:419
	src/wpa_supplicant/wpa_supplicant/driver_i.h:429
	src/wpa_supplicant/wpa_supplicant/driver_i.h:438
	src/wpa_supplicant/wpa_supplicant/driver_i.h:447
	src/wpa_supplicant/wpa_supplicant/driver_i.h:456
	src/wpa_supplicant/wpa_supplicant/driver_i.h:463
	src/wpa_supplicant/wpa_supplicant/driver_i.h:469
	src/wpa_supplicant/wpa_supplicant/driver_i.h:475
	src/wpa_supplicant/wpa_supplicant/driver_i.h:484
	src/wpa_supplicant/wpa_supplicant/sme.h:38
	src/wpa_supplicant/wpa_supplicant/sme.h:44
	src/wpa_supplicant/wpa_supplicant/sme.h:49
	src/wpa_supplicant/wpa_supplicant/sme.h:56
	src/wpa_supplicant/wpa_supplicant/sme.h:61
	src/wpa_supplicant/wpa_supplicant/sme.h:66
	src/wpa_supplicant/wpa_supplicant/sme.h:71
	src/wpa_supplicant/wpa_supplicant/ctrl_iface.h:124
	src/wpa_supplicant/wpa_supplicant/ctrl_iface.h:130
	src/wpa_supplicant/wpa_supplicant/ctrl_iface.h:135
	src/wpa_supplicant/wpa_supplicant/ctrl_iface.h:141
	src/wpa_supplicant/wpa_supplicant/ctrl_iface.h:146
	src/wpa_supplicant/wpa_supplicant/ctrl_iface.h:152
	src/wpa_supplicant/wpa_supplicant/wps_supplicant.h:66
	src/wpa_supplicant/wpa_supplicant/wps_supplicant.h:71
	src/wpa_supplicant/wpa_supplicant/wps_supplicant.h:75
	src/wpa_supplicant/wpa_supplicant/wps_supplicant.h:80
	src/wpa_supplicant/wpa_supplicant/wps_supplicant.h:85
	src/wpa_supplicant/wpa_supplicant/wps_supplicant.h:92
	src/wpa_supplicant/wpa_supplicant/wps_supplicant.h:99
	src/wpa_supplicant/wpa_supplicant/wps_supplicant.h:106
	src/wpa_supplicant/wpa_supplicant/wps_supplicant.h:110
	src/wpa_supplicant/wpa_supplicant/mlme.h:54
	src/wpa_supplicant/wpa_supplicant/mlme.h:59
	src/wpa_supplicant/wpa_supplicant/mlme.h:63
	src/wpa_supplicant/wpa_supplicant/mlme.h:69
	src/wpa_supplicant/wpa_supplicant/mlme.h:75
	src/wpa_supplicant/wpa_supplicant/mlme.h:81
	src/wpa_supplicant/wpa_supplicant/mlme.h:88
	src/wpa_supplicant/wpa_supplicant/mlme.h:94
	src/wpa_supplicant/wpa_supplicant/mlme.h:100
	src/wpa_supplicant/wpa_supplicant/mlme.h:106
	src/wpa_supplicant/wpa_supplicant/mlme.h:112
	src/wpa_supplicant/wpa_supplicant/mlme.h:119
	src/wpa_supplicant/wpa_supplicant/bgscan.h:43
	src/wpa_supplicant/wpa_supplicant/bgscan.h:49
	src/wpa_supplicant/wpa_supplicant/bgscan.h:53
	src/wpa_supplicant/wpa_supplicant/bgscan.h:58
	src/wpa_supplicant/wpa_supplicant/bgscan.h:62
	src/wpa_supplicant/wpa_supplicant/dbus/dbus_new.h:125
	src/wpa_supplicant/wpa_supplicant/dbus/dbus_new.h:130
	src/wpa_supplicant/wpa_supplicant/dbus/dbus_new.h:137
	src/wpa_supplicant/wpa_supplicant/dbus/dbus_new.h:142
	src/wpa_supplicant/wpa_supplicant/dbus/dbus_new.h:148
	src/wpa_supplicant/wpa_supplicant/dbus/dbus_new.h:153
	src/wpa_supplicant/wpa_supplicant/dbus/dbus_new.h:158
	src/wpa_supplicant/wpa_supplicant/dbus/dbus_new.h:163
	src/wpa_supplicant/wpa_supplicant/dbus/dbus_new.h:168
	src/wpa_supplicant/wpa_supplicant/dbus/dbus_new.h:173
	src/wpa_supplicant/wpa_supplicant/dbus/dbus_new.h:178
	src/wpa_supplicant/wpa_supplicant/dbus/dbus_new.h:183
	src/wpa_supplicant/wpa_supplicant/dbus/dbus_new.h:189
	src/wpa_supplicant/wpa_supplicant/dbus/dbus_new.h:195
	src/wpa_supplicant/wpa_supplicant/dbus/dbus_new.h:201
	src/wpa_supplicant/wpa_supplicant/dbus/dbus_new.h:207
	src/wpa_supplicant/wpa_supplicant/dbus/dbus_new.h:212
	src/wpa_supplicant/wpa_supplicant/dbus/dbus_new.h:217
	src/wpa_supplicant/wpa_supplicant/dbus/dbus_new.h:222
	src/wpa_supplicant/wpa_supplicant/dbus/dbus_new.h:227
	src/wpa_supplicant/wpa_supplicant/dbus/dbus_old.h:99
	src/wpa_supplicant/wpa_supplicant/dbus/dbus_old.h:104
	src/wpa_supplicant/wpa_supplicant/dbus/dbus_old.h:111
	src/wpa_supplicant/wpa_supplicant/dbus/dbus_old.h:117
	src/wpa_supplicant/wpa_supplicant/dbus/dbus_old.h:123
	src/wpa_supplicant/src/radius/radius.h:235
	src/wpa_supplicant/src/radius/radius.h:242
	src/wpa_supplicant/src/wps/wps_i.h:271
	src/wpa_supplicant/src/eap_common/eap_sim_common.h:114
	src/wpa_supplicant/src/eap_common/eap_sim_common.h:122
	src/wpa_supplicant/src/eap_common/eap_sim_common.h:131
	src/wpa_supplicant/src/drivers/driver_roboswitch.c:73
	src/wpa_supplicant/src/drivers/driver.h:2461
	src/wpa_supplicant/src/drivers/driver.h:2472
	src/wpa_supplicant/src/drivers/driver.h:2480
	src/wpa_supplicant/src/drivers/driver_nl80211.c:4145
	src/wpa_supplicant/src/utils/common.c:169
	src/wpa_supplicant/src/utils/wpabuf.h:50
	src/wpa_supplicant/src/utils/wpabuf.h:60
	src/wpa_supplicant/src/utils/wpabuf.h:70
	src/wpa_supplicant/src/utils/wpabuf.h:80
	src/wpa_supplicant/src/utils/wpabuf.h:87
	src/wpa_supplicant/src/utils/wpabuf.h:97
	src/wpa_supplicant/src/utils/wpabuf.h:104
	src/wpa_supplicant/src/utils/wpabuf.h:109
	src/wpa_supplicant/src/utils/wpabuf.h:115
	src/wpa_supplicant/src/utils/wpabuf.h:121
	src/wpa_supplicant/src/utils/wpabuf.h:127
	src/wpa_supplicant/src/utils/wpabuf.h:133
	src/wpa_supplicant/src/utils/wpabuf.h:139
	src/wpa_supplicant/src/utils/wpabuf.h:146
	src/wpa_supplicant/src/utils/wpabuf.h:152
	src/wpa_supplicant/src/utils/wpabuf.h:158
	src/wpa_supplicant/src/utils/common.h:50
	src/wpa_supplicant/src/utils/common.h:55
	src/wpa_supplicant/src/utils/common.h:173
	src/wpa_supplicant/src/utils/common.h:178
	src/wpa_supplicant/src/utils/common.h:457
	src/wpa_supplicant/src/utils/wpa_debug.h:79
	src/wpa_supplicant/src/utils/wpa_debug.h:100
	src/wpa_supplicant/src/utils/wpa_debug.h:231
	src/wpa_supplicant/src/utils/wpa_debug.h:235
	src/wpa_supplicant/src/utils/list.h:26
	src/wpa_supplicant/src/utils/list.h:32
	src/wpa_supplicant/src/utils/list.h:40
	src/wpa_supplicant/src/utils/list.h:45
	src/wpa_supplicant/src/utils/list.h:53
	src/wpa_supplicant/src/utils/list.h:58
	src/wpa_supplicant/src/rsn_supp/preauth.h:38
	src/wpa_supplicant/src/rsn_supp/preauth.h:42
	src/wpa_supplicant/src/rsn_supp/preauth.h:46
	src/wpa_supplicant/src/rsn_supp/preauth.h:52
	src/wpa_supplicant/src/rsn_supp/preauth.h:56
	src/wpa_supplicant/src/rsn_supp/preauth.h:61
	src/wpa_supplicant/src/rsn_supp/preauth.h:66
	src/wpa_supplicant/src/rsn_supp/preauth.h:72
	src/wpa_supplicant/src/rsn_supp/preauth.h:78
	src/wpa_supplicant/src/rsn_supp/pmksa_cache.h:72
	src/wpa_supplicant/src/rsn_supp/pmksa_cache.h:80
	src/wpa_supplicant/src/rsn_supp/pmksa_cache.h:84
	src/wpa_supplicant/src/rsn_supp/pmksa_cache.h:90
	src/wpa_supplicant/src/rsn_supp/pmksa_cache.h:96
	src/wpa_supplicant/src/rsn_supp/pmksa_cache.h:102
	src/wpa_supplicant/src/rsn_supp/pmksa_cache.h:109
	src/wpa_supplicant/src/rsn_supp/pmksa_cache.h:113
	src/wpa_supplicant/src/rsn_supp/pmksa_cache.h:117
	src/wpa_supplicant/src/rsn_supp/wpa_i.h:118
	src/wpa_supplicant/src/rsn_supp/wpa_i.h:124
	src/wpa_supplicant/src/rsn_supp/wpa_i.h:130
	src/wpa_supplicant/src/rsn_supp/wpa_i.h:136
	src/wpa_supplicant/src/rsn_supp/wpa_i.h:142
	src/wpa_supplicant/src/rsn_supp/wpa_i.h:152
	src/wpa_supplicant/src/rsn_supp/wpa_i.h:158
	src/wpa_supplicant/src/rsn_supp/wpa_i.h:164
	src/wpa_supplicant/src/rsn_supp/wpa_i.h:171
	src/wpa_supplicant/src/rsn_supp/wpa_i.h:177
	src/wpa_supplicant/src/rsn_supp/wpa_i.h:183
	src/wpa_supplicant/src/rsn_supp/wpa_i.h:192
	src/wpa_supplicant/src/rsn_supp/wpa_i.h:199
	src/wpa_supplicant/src/rsn_supp/wpa_i.h:206
	src/wpa_supplicant/src/rsn_supp/wpa_i.h:214
	src/wpa_supplicant/src/rsn_supp/wpa_i.h:222
	src/wpa_supplicant/src/rsn_supp/wpa_i.h:232
	src/wpa_supplicant/src/rsn_supp/wpa.h:131
	src/wpa_supplicant/src/rsn_supp/wpa.h:136
	src/wpa_supplicant/src/rsn_supp/wpa.h:140
	src/wpa_supplicant/src/rsn_supp/wpa.h:144
	src/wpa_supplicant/src/rsn_supp/wpa.h:148
	src/wpa_supplicant/src/rsn_supp/wpa.h:153
	src/wpa_supplicant/src/rsn_supp/wpa.h:157
	src/wpa_supplicant/src/rsn_supp/wpa.h:161
	src/wpa_supplicant/src/rsn_supp/wpa.h:165
	src/wpa_supplicant/src/rsn_supp/wpa.h:170
	src/wpa_supplicant/src/rsn_supp/wpa.h:174
	src/wpa_supplicant/src/rsn_supp/wpa.h:179
	src/wpa_supplicant/src/rsn_supp/wpa.h:183
	src/wpa_supplicant/src/rsn_supp/wpa.h:189
	src/wpa_supplicant/src/rsn_supp/wpa.h:196
	src/wpa_supplicant/src/rsn_supp/wpa.h:202
	src/wpa_supplicant/src/rsn_supp/wpa.h:208
	src/wpa_supplicant/src/rsn_supp/wpa.h:213
	src/wpa_supplicant/src/rsn_supp/wpa.h:220
	src/wpa_supplicant/src/rsn_supp/wpa.h:226
	src/wpa_supplicant/src/rsn_supp/wpa.h:232
	src/wpa_supplicant/src/rsn_supp/wpa.h:237
	src/wpa_supplicant/src/rsn_supp/wpa.h:243
	src/wpa_supplicant/src/rsn_supp/wpa.h:247
	src/wpa_supplicant/src/rsn_supp/wpa.h:253
	src/wpa_supplicant/src/rsn_supp/wpa.h:259
	src/wpa_supplicant/src/rsn_supp/wpa.h:265
	src/wpa_supplicant/src/rsn_supp/wpa.h:269
	src/wpa_supplicant/src/rsn_supp/wpa.h:279
	src/wpa_supplicant/src/rsn_supp/wpa.h:300
	src/wpa_supplicant/src/rsn_supp/wpa.h:306
	src/wpa_supplicant/src/rsn_supp/wpa.h:312
	src/wpa_supplicant/src/rsn_supp/wpa.h:319
	src/wpa_supplicant/src/rsn_supp/wpa.h:324
	src/wpa_supplicant/src/rsn_supp/peerkey.h:59
	src/wpa_supplicant/src/rsn_supp/peerkey.h:68
	src/wpa_supplicant/src/rsn_supp/peerkey.h:74
	src/wpa_supplicant/src/rsn_supp/peerkey.h:81
	src/wpa_supplicant/src/crypto/aes_i.h:72
	src/wpa_supplicant/src/eapol_supp/eapol_supp_sm.h:259
	src/wpa_supplicant/src/eapol_supp/eapol_supp_sm.h:264
	src/wpa_supplicant/src/eapol_supp/eapol_supp_sm.h:267
	src/wpa_supplicant/src/eapol_supp/eapol_supp_sm.h:270
	src/wpa_supplicant/src/eapol_supp/eapol_supp_sm.h:275
	src/wpa_supplicant/src/eapol_supp/eapol_supp_sm.h:280
	src/wpa_supplicant/src/eapol_supp/eapol_supp_sm.h:285
	src/wpa_supplicant/src/eapol_supp/eapol_supp_sm.h:290
	src/wpa_supplicant/src/eapol_supp/eapol_supp_sm.h:293
	src/wpa_supplicant/src/eapol_supp/eapol_supp_sm.h:297
	src/wpa_supplicant/src/eapol_supp/eapol_supp_sm.h:301
	src/wpa_supplicant/src/eapol_supp/eapol_supp_sm.h:305
	src/wpa_supplicant/src/eapol_supp/eapol_supp_sm.h:308
	src/wpa_supplicant/src/eapol_supp/eapol_supp_sm.h:313
	src/wpa_supplicant/src/eapol_supp/eapol_supp_sm.h:317
	src/wpa_supplicant/src/eapol_supp/eapol_supp_sm.h:320
	src/wpa_supplicant/src/eapol_supp/eapol_supp_sm.h:325
	src/wpa_supplicant/src/eapol_supp/eapol_supp_sm.h:329
	src/wpa_supplicant/src/eapol_supp/eapol_supp_sm.h:332
	src/wpa_supplicant/src/eapol_supp/eapol_supp_sm.h:335
	src/wpa_supplicant/src/eapol_supp/eapol_supp_sm.h:338
	src/wpa_supplicant/src/eapol_supp/eapol_supp_sm.h:342
	src/wpa_supplicant/src/eapol_auth/eapol_auth_dump.c:22
	src/wpa_supplicant/src/eapol_auth/eapol_auth_dump.c:33
	src/wpa_supplicant/src/eapol_auth/eapol_auth_dump.c:43
	src/wpa_supplicant/src/eapol_auth/eapol_auth_dump.c:53
	src/wpa_supplicant/src/eapol_auth/eapol_auth_dump.c:71
	src/wpa_supplicant/src/eapol_auth/eapol_auth_dump.c:87
	src/wpa_supplicant/src/eapol_auth/eapol_auth_dump.c:97
	src/wpa_supplicant/src/eapol_auth/eapol_auth_dump.c:107
	src/wpa_supplicant/src/eapol_auth/eapol_auth_dump.c:117
	src/wpa_supplicant/src/eap_peer/eap_methods.h:47
	src/wpa_supplicant/src/eap_peer/eap_methods.h:53
	src/wpa_supplicant/src/eap_peer/eap_methods.h:58
	src/wpa_supplicant/src/eap_peer/eap_methods.h:63
	src/wpa_supplicant/src/eap_peer/eap_methods.h:68
	src/wpa_supplicant/src/eap_peer/eap_methods.h:72
	src/wpa_supplicant/src/eap_peer/eap_methods.h:88
	src/wpa_supplicant/src/eap_peer/eap_methods.h:93
	src/wpa_supplicant/src/ap/wpa_auth_ft.c:400
	src/wpa_supplicant/src/ap/wpa_auth_ft.c:864
	src/wpa_supplicant/src/ap/wps_hostapd.h:33
	src/wpa_supplicant/src/ap/wps_hostapd.h:39
	src/wpa_supplicant/src/ap/wps_hostapd.h:43
	src/wpa_supplicant/src/ap/wps_hostapd.h:50
	src/wpa_supplicant/src/ap/hw_features.h:29
	src/wpa_supplicant/src/ap/hw_features.h:35
	src/wpa_supplicant/src/ap/hw_features.h:40
	src/wpa_supplicant/src/ap/hw_features.h:45
	src/wpa_supplicant/src/ap/hw_features.h:50
	src/wpa_supplicant/src/ap/hw_features.h:55
	src/wpa_supplicant/src/ap/ieee802_11.h:36
	src/wpa_supplicant/src/ap/ieee802_11.h:42
	src/wpa_supplicant/src/ap/wpa_auth.c:59
	src/wpa_supplicant/src/ap/wpa_auth.c:67
	src/wpa_supplicant/src/ap/wpa_auth.c:76
	src/wpa_supplicant/src/ap/wpa_auth.c:85
	src/wpa_supplicant/src/ap/wpa_auth.c:94
	src/wpa_supplicant/src/ap/wpa_auth.c:103
	src/wpa_supplicant/src/ap/wpa_auth.c:115
	src/wpa_supplicant/src/ap/wpa_auth.c:124
	src/wpa_supplicant/src/ap/preauth_auth.h:30
	src/wpa_supplicant/src/ap/preauth_auth.h:35
	src/wpa_supplicant/src/ap/preauth_auth.h:39
	src/wpa_supplicant/src/ap/preauth_auth.h:45
	src/wpa_supplicant/src/ap/preauth_auth.h:51
	src/wpa_supplicant/src/ap/vlan_init.h:30
	src/wpa_supplicant/src/ap/vlan_init.h:35
	src/wpa_supplicant/src/ap/vlan_init.h:39
	src/wpa_supplicant/src/ap/vlan_init.h:46
	src/wpa_supplicant/src/ap/vlan_init.h:51
	src/wpa_supplicant/src/ap/ap_list.h:68
	src/wpa_supplicant/src/ap/ap_list.h:73
	src/wpa_supplicant/src/ap/iapp.h:28
	src/wpa_supplicant/src/ap/iapp.h:33
	src/wpa_supplicant/src/ap/iapp.h:39
	src/wpa_supplicant/src/ap/accounting.h:20
	src/wpa_supplicant/src/ap/accounting.h:25
	src/wpa_supplicant/src/ap/accounting.h:30
	src/wpa_supplicant/src/ap/accounting.h:35
	src/wpa_supplicant/src/ap/wmm.c:34
	src/wpa_supplicant/src/ap/wmm.c:45
	src/wpa_supplicant/src/ap/beacon.h:27
	src/wpa_supplicant/src/ap/beacon.h:31
	src/wpa_supplicant/src/common/defs.h:47
	src/wpa_supplicant/src/common/defs.h:54
	src/wpa_supplicant/src/common/defs.h:61
	src/wpa_supplicant/src/common/defs.h:67
autoscan: warning: missing AC_FUNC_CHOWN wanted by: 
	src/wpa_supplicant/wpa_supplicant/ctrl_iface_unix.c:323
	src/wpa_supplicant/wpa_supplicant/ctrl_iface_unix.c:390
autoscan: warning: missing AC_FUNC_FORK wanted by: 
	src/wpa_supplicant/wpa_supplicant/wpa_cli.c:235
autoscan: warning: missing AC_FUNC_MKTIME wanted by: 
	src/wpa_supplicant/src/utils/os_internal.c:68
	src/wpa_supplicant/src/utils/os_win32.c:75
	src/wpa_supplicant/src/utils/os_win32.c:80
	src/wpa_supplicant/src/utils/os_win32.c:83
	src/wpa_supplicant/src/utils/os_unix.c:81
	src/wpa_supplicant/src/utils/os_unix.c:86
	src/wpa_supplicant/src/utils/os_unix.c:89
autoscan: warning: missing AC_PROG_CXX wanted by: 
	src/wpa_supplicant/wpa_supplicant/Makefile:1
	src/wpa_supplicant/wpa_supplicant/Makefile:1327
	src/wpa_supplicant/wpa_supplicant/dbus/Makefile:10
	src/wpa_supplicant/wpa_supplicant/dbus/Makefile:30
	src/wpa_supplicant/wpa_supplicant/main_symbian.cpp
	src/wpa_supplicant/wpa_supplicant/wpa_gui-qt4/scanresults.cpp
	src/wpa_supplicant/wpa_supplicant/wpa_gui-qt4/wpagui.cpp
	src/wpa_supplicant/wpa_supplicant/wpa_gui-qt4/stringquery.cpp
	src/wpa_supplicant/wpa_supplicant/wpa_gui-qt4/eventhistory.cpp
	src/wpa_supplicant/wpa_supplicant/wpa_gui-qt4/addinterface.cpp
	src/wpa_supplicant/wpa_supplicant/wpa_gui-qt4/userdatarequest.cpp
	src/wpa_supplicant/wpa_supplicant/wpa_gui-qt4/main.cpp
	src/wpa_supplicant/wpa_supplicant/wpa_gui-qt4/networkconfig.cpp
	src/wpa_supplicant/wpa_supplicant/wpa_gui-qt4/peers.cpp
	src/wpa_supplicant/wpa_supplicant/wpa_gui/main.cpp
autoscan: warning: missing AC_TYPE_INT16_T wanted by: 
	src/wpa_supplicant/src/utils/common.h:163
autoscan: warning: missing AC_TYPE_INT32_T wanted by: 
	src/wpa_supplicant/src/utils/common.h:162
autoscan: warning: missing AC_TYPE_INT64_T wanted by: 
	src/wpa_supplicant/src/utils/common.h:161
autoscan: warning: missing AC_TYPE_INT8_T wanted by: 
	src/wpa_supplicant/src/utils/common.h:164
autoscan: warning: missing AC_TYPE_PID_T wanted by: 
	src/wpa_supplicant/wpa_supplicant/wpa_cli.c:95
	src/wpa_supplicant/wpa_supplicant/wpa_cli.c:235
autoscan: warning: missing AC_TYPE_SSIZE_T wanted by: 
	src/wpa_supplicant/src/drivers/netlink.c:156
	src/wpa_supplicant/src/drivers/driver_wext.c:1081
	src/wpa_supplicant/src/drivers/driver_wext.c:1081
	src/wpa_supplicant/src/crypto/tls_gnutls.c:241
	src/wpa_supplicant/src/crypto/tls_gnutls.c:270
	src/wpa_supplicant/src/crypto/tls_gnutls.c:1122
	src/wpa_supplicant/src/crypto/tls_gnutls.c:1149
autoscan: warning: missing AC_TYPE_UID_T wanted by: 
	src/wpa_supplicant/wpa_supplicant/ctrl_iface_unix.c:260
	src/wpa_supplicant/src/ap/ap_config.h:238
autoscan: warning: missing AC_TYPE_UINT64_T wanted by: 
	src/wpa_supplicant/wpa_supplicant/dbus/dbus_new_handlers.c:500
	src/wpa_supplicant/src/utils/common.h:157
autoscan: warning: missing AC_TYPE_UINT8_T wanted by: 
	src/panamessages.c:226
	src/panamessages.h:261
	src/wpa_supplicant/src/drivers/driver_bsd.c:1310
	src/wpa_supplicant/src/utils/radiotap.h:65
	src/wpa_supplicant/src/utils/radiotap.h:70
	src/wpa_supplicant/src/utils/common.h:160
