This file contains any messages produced by compilers while
running configure, to aid debugging if configure makes a mistake.

It was created by OpenPANA configure 0.2.4, which was
generated by GNU Autoconf 2.68.  Invocation command line was

  $ ./configure --enable-aes

## --------- ##
## Platform. ##
## --------- ##

hostname = ubuntu
uname -m = i686
uname -r = 3.13.0-117-generic
uname -s = Linux
uname -v = #164~precise1-Ubuntu SMP Mon Apr 10 16:17:54 UTC 2017

/usr/bin/uname -p = unknown
/bin/uname -X     = unknown

/bin/arch              = unknown
/usr/bin/arch -k       = unknown
/usr/convex/getsysinfo = unknown
/usr/bin/hostinfo      = unknown
/bin/machine           = unknown
/usr/bin/oslevel       = unknown
/bin/universe          = unknown

PATH: /opt/mspgcc-4.7.2/bin
PATH: /usr/lib/lightdm/lightdm
PATH: /usr/local/sbin
PATH: /usr/local/bin
PATH: /usr/sbin
PATH: /usr/bin
PATH: /sbin
PATH: /bin
PATH: /usr/games
PATH: /usr/lib/jvm/java-8-oracle/bin
PATH: /usr/lib/jvm/java-8-oracle/db/bin
PATH: /usr/lib/jvm/java-8-oracle/jre/bin


## ----------- ##
## Core tests. ##
## ----------- ##

configure:2403: checking for a BSD-compatible install
configure:2471: result: /usr/bin/install -c
configure:2482: checking whether build environment is sane
configure:2532: result: yes
configure:2673: checking for a thread-safe mkdir -p
configure:2712: result: /bin/mkdir -p
configure:2725: checking for gawk
configure:2755: result: no
configure:2725: checking for mawk
configure:2741: found /usr/bin/mawk
configure:2752: result: mawk
configure:2763: checking whether make sets $(MAKE)
configure:2785: result: yes
configure:2876: checking for gawk
configure:2903: result: mawk
configure:2926: checking for style of include used by make
configure:2954: result: GNU
configure:3025: checking for gcc
configure:3041: found /usr/bin/gcc
configure:3052: result: gcc
configure:3281: checking for C compiler version
configure:3290: gcc --version >&5
gcc (Ubuntu/Linaro 4.6.3-1ubuntu5) 4.6.3
Copyright (C) 2011 Free Software Foundation, Inc.
This is free software; see the source for copying conditions.  There is NO
warranty; not even for MERCHANTABILITY or FITNESS FOR A PARTICULAR PURPOSE.

configure:3301: $? = 0
configure:3290: gcc -v >&5
Using built-in specs.
COLLECT_GCC=gcc
COLLECT_LTO_WRAPPER=/usr/lib/gcc/i686-linux-gnu/4.6/lto-wrapper
Target: i686-linux-gnu
Configured with: ../src/configure -v --with-pkgversion='Ubuntu/Linaro 4.6.3-1ubuntu5' --with-bugurl=file:///usr/share/doc/gcc-4.6/README.Bugs --enable-languages=c,c++,fortran,objc,obj-c++ --prefix=/usr --program-suffix=-4.6 --enable-shared --enable-linker-build-id --with-system-zlib --libexecdir=/usr/lib --without-included-gettext --enable-threads=posix --with-gxx-include-dir=/usr/include/c++/4.6 --libdir=/usr/lib --enable-nls --with-sysroot=/ --enable-clocale=gnu --enable-libstdcxx-debug --enable-libstdcxx-time=yes --enable-gnu-unique-object --enable-plugin --enable-objc-gc --enable-targets=all --disable-werror --with-arch-32=i686 --with-tune=generic --enable-checking=release --build=i686-linux-gnu --host=i686-linux-gnu --target=i686-linux-gnu
Thread model: posix
gcc version 4.6.3 (Ubuntu/Linaro 4.6.3-1ubuntu5) 
configure:3301: $? = 0
configure:3290: gcc -V >&5
gcc: error: unrecognized option '-V'
gcc: fatal error: no input files
compilation terminated.
configure:3301: $? = 4
configure:3290: gcc -qversion >&5
gcc: error: unrecognized option '-qversion'
gcc: fatal error: no input files
compilation terminated.
configure:3301: $? = 4
configure:3321: checking whether the C compiler works
configure:3343: gcc    conftest.c  >&5
configure:3347: $? = 0
configure:3395: result: yes
configure:3398: checking for C compiler default output file name
configure:3400: result: a.out
configure:3406: checking for suffix of executables
configure:3413: gcc -o conftest    conftest.c  >&5
configure:3417: $? = 0
configure:3439: result: 
configure:3461: checking whether we are cross compiling
configure:3469: gcc -o conftest    conftest.c  >&5
configure:3473: $? = 0
configure:3480: ./conftest
configure:3484: $? = 0
configure:3499: result: no
configure:3504: checking for suffix of object files
configure:3526: gcc -c   conftest.c >&5
configure:3530: $? = 0
configure:3551: result: o
configure:3555: checking whether we are using the GNU C compiler
configure:3574: gcc -c   conftest.c >&5
configure:3574: $? = 0
configure:3583: result: yes
configure:3592: checking whether gcc accepts -g
configure:3612: gcc -c -g  conftest.c >&5
configure:3612: $? = 0
configure:3653: result: yes
configure:3670: checking for gcc option to accept ISO C89
configure:3734: gcc  -c -g -O2  conftest.c >&5
configure:3734: $? = 0
configure:3747: result: none needed
configure:3769: checking dependency style of gcc
configure:3880: result: gcc3
configure:3895: checking for gcc option to accept ISO C99
configure:4044: gcc  -c -g -O2  conftest.c >&5
conftest.c:61:29: error: expected ';', ',' or ')' before 'text'
conftest.c: In function 'main':
conftest.c:115:18: error: expected '=', ',', ';', 'asm' or '__attribute__' before 'newvar'
conftest.c:115:18: error: 'newvar' undeclared (first use in this function)
conftest.c:115:18: note: each undeclared identifier is reported only once for each function it appears in
conftest.c:125:3: error: 'for' loop initial declarations are only allowed in C99 mode
conftest.c:125:3: note: use option -std=c99 or -std=gnu99 to compile your code
configure:4044: $? = 1
configure: failed program was:
| /* confdefs.h */
| #define PACKAGE_NAME "OpenPANA"
| #define PACKAGE_TARNAME "openpana"
| #define PACKAGE_VERSION "0.2.4"
| #define PACKAGE_STRING "OpenPANA 0.2.4"
| #define PACKAGE_BUGREPORT "openpana-users@lists.sourceforge.net"
| #define PACKAGE_URL "http://openpana.sf.net"
| #define PACKAGE "openpana"
| #define VERSION "0.2.4"
| /* end confdefs.h.  */
| #include <stdarg.h>
| #include <stdbool.h>
| #include <stdlib.h>
| #include <wchar.h>
| #include <stdio.h>
| 
| // Check varargs macros.  These examples are taken from C99 6.10.3.5.
| #define debug(...) fprintf (stderr, __VA_ARGS__)
| #define showlist(...) puts (#__VA_ARGS__)
| #define report(test,...) ((test) ? puts (#test) : printf (__VA_ARGS__))
| static void
| test_varargs_macros (void)
| {
|   int x = 1234;
|   int y = 5678;
|   debug ("Flag");
|   debug ("X = %d\n", x);
|   showlist (The first, second, and third items.);
|   report (x>y, "x is %d but y is %d", x, y);
| }
| 
| // Check long long types.
| #define BIG64 18446744073709551615ull
| #define BIG32 4294967295ul
| #define BIG_OK (BIG64 / BIG32 == 4294967297ull && BIG64 % BIG32 == 0)
| #if !BIG_OK
|   your preprocessor is broken;
| #endif
| #if BIG_OK
| #else
|   your preprocessor is broken;
| #endif
| static long long int bignum = -9223372036854775807LL;
| static unsigned long long int ubignum = BIG64;
| 
| struct incomplete_array
| {
|   int datasize;
|   double data[];
| };
| 
| struct named_init {
|   int number;
|   const wchar_t *name;
|   double average;
| };
| 
| typedef const char *ccp;
| 
| static inline int
| test_restrict (ccp restrict text)
| {
|   // See if C++-style comments work.
|   // Iterate through items via the restricted pointer.
|   // Also check for declarations in for loops.
|   for (unsigned int i = 0; *(text+i) != '\0'; ++i)
|     continue;
|   return 0;
| }
| 
| // Check varargs and va_copy.
| static void
| test_varargs (const char *format, ...)
| {
|   va_list args;
|   va_start (args, format);
|   va_list args_copy;
|   va_copy (args_copy, args);
| 
|   const char *str;
|   int number;
|   float fnumber;
| 
|   while (*format)
|     {
|       switch (*format++)
| 	{
| 	case 's': // string
| 	  str = va_arg (args_copy, const char *);
| 	  break;
| 	case 'd': // int
| 	  number = va_arg (args_copy, int);
| 	  break;
| 	case 'f': // float
| 	  fnumber = va_arg (args_copy, double);
| 	  break;
| 	default:
| 	  break;
| 	}
|     }
|   va_end (args_copy);
|   va_end (args);
| }
| 
| int
| main ()
| {
| 
|   // Check bool.
|   _Bool success = false;
| 
|   // Check restrict.
|   if (test_restrict ("String literal") == 0)
|     success = true;
|   char *restrict newvar = "Another string";
| 
|   // Check varargs.
|   test_varargs ("s, d' f .", "string", 65, 34.234);
|   test_varargs_macros ();
| 
|   // Check flexible array members.
|   struct incomplete_array *ia =
|     malloc (sizeof (struct incomplete_array) + (sizeof (double) * 10));
|   ia->datasize = 10;
|   for (int i = 0; i < ia->datasize; ++i)
|     ia->data[i] = i * 1.234;
| 
|   // Check named initializers.
|   struct named_init ni = {
|     .number = 34,
|     .name = L"Test wide string",
|     .average = 543.34343,
|   };
| 
|   ni.number = 58;
| 
|   int dynamic_array[ni.number];
|   dynamic_array[ni.number - 1] = 543;
| 
|   // work around unused variable warnings
|   return (!success || bignum == 0LL || ubignum == 0uLL || newvar[0] == 'x'
| 	  || dynamic_array[ni.number - 1] != 543);
| 
|   ;
|   return 0;
| }
configure:4044: gcc -std=gnu99 -c -g -O2  conftest.c >&5
configure:4044: $? = 0
configure:4064: result: -std=gnu99
configure:4073: checking whether ln -s works
configure:4077: result: yes
configure:4084: checking whether make sets $(MAKE)
configure:4106: result: yes
configure:4158: checking for ranlib
configure:4174: found /usr/bin/ranlib
configure:4185: result: ranlib
configure:4265: checking for clang++
configure:4281: found /usr/bin/clang++
configure:4292: result: clang++
configure:4319: checking for C++ compiler version
configure:4328: clang++ --version >&5
Ubuntu clang version 3.0-6ubuntu3 (tags/RELEASE_30/final) (based on LLVM 3.0)
Target: i386-pc-linux-gnu
Thread model: posix
configure:4339: $? = 0
configure:4328: clang++ -v >&5
Ubuntu clang version 3.0-6ubuntu3 (tags/RELEASE_30/final) (based on LLVM 3.0)
Target: i386-pc-linux-gnu
Thread model: posix
configure:4339: $? = 0
configure:4328: clang++ -V >&5
clang: error: argument to '-V' is missing (expected 1 value)
clang: error: no input files
configure:4339: $? = 1
configure:4328: clang++ -qversion >&5
clang: error: no input files
configure:4339: $? = 1
configure:4343: checking whether we are using the GNU C++ compiler
configure:4362: clang++ -c   conftest.cpp >&5
configure:4362: $? = 0
configure:4371: result: yes
configure:4380: checking whether clang++ accepts -g
configure:4400: clang++ -c -g  conftest.cpp >&5
configure:4400: $? = 0
configure:4441: result: yes
configure:4466: checking dependency style of clang++
configure:4577: result: gcc3
configure:4597: checking for pthread_mutex_lock in -lpthread
configure:4622: gcc -std=gnu99 -o conftest    conftest.c -lpthread   >&5
configure:4622: $? = 0
configure:4631: result: yes
configure:4642: checking for HMAC in -lssl
configure:4667: gcc -std=gnu99 -o conftest    conftest.c -lssl  -lpthread  >&5
/tmp/ccL219rC.o: In function `main':
conftest.c:(.text+0x7): undefined reference to `HMAC'
collect2: ld returned 1 exit status
configure:4667: $? = 1
configure: failed program was:
| /* confdefs.h */
| #define PACKAGE_NAME "OpenPANA"
| #define PACKAGE_TARNAME "openpana"
| #define PACKAGE_VERSION "0.2.4"
| #define PACKAGE_STRING "OpenPANA 0.2.4"
| #define PACKAGE_BUGREPORT "openpana-users@lists.sourceforge.net"
| #define PACKAGE_URL "http://openpana.sf.net"
| #define PACKAGE "openpana"
| #define VERSION "0.2.4"
| #define HAVE_LIBPTHREAD 1
| /* end confdefs.h.  */
| 
| /* Override any GCC internal prototype to avoid an error.
|    Use char because int might match the return type of a GCC
|    builtin and then its argument prototype would still apply.  */
| #ifdef __cplusplus
| extern "C"
| #endif
| char HMAC ();
| int
| main ()
| {
| return HMAC ();
|   ;
|   return 0;
| }
configure:4676: result: no
configure:4687: checking for HMAC in -lcrypto
configure:4712: gcc -std=gnu99 -o conftest    conftest.c -lcrypto  -lpthread  >&5
configure:4712: $? = 0
configure:4721: result: yes
configure:4740: checking for xmlCleanupParser in -lxml2
configure:4765: gcc -std=gnu99 -o conftest    conftest.c -lxml2  -lcrypto -lpthread  >&5
configure:4765: $? = 0
configure:4774: result: yes
configure:4797: checking how to run the C preprocessor
configure:4828: gcc -std=gnu99 -E  conftest.c
configure:4828: $? = 0
configure:4842: gcc -std=gnu99 -E  conftest.c
conftest.c:14:28: fatal error: ac_nonexistent.h: No such file or directory
compilation terminated.
configure:4842: $? = 1
configure: failed program was:
| /* confdefs.h */
| #define PACKAGE_NAME "OpenPANA"
| #define PACKAGE_TARNAME "openpana"
| #define PACKAGE_VERSION "0.2.4"
| #define PACKAGE_STRING "OpenPANA 0.2.4"
| #define PACKAGE_BUGREPORT "openpana-users@lists.sourceforge.net"
| #define PACKAGE_URL "http://openpana.sf.net"
| #define PACKAGE "openpana"
| #define VERSION "0.2.4"
| #define HAVE_LIBPTHREAD 1
| #define HAVE_LIBCRYPTO 1
| #define HAVE_LIBXML2 1
| /* end confdefs.h.  */
| #include <ac_nonexistent.h>
configure:4867: result: gcc -std=gnu99 -E
configure:4887: gcc -std=gnu99 -E  conftest.c
configure:4887: $? = 0
configure:4901: gcc -std=gnu99 -E  conftest.c
conftest.c:14:28: fatal error: ac_nonexistent.h: No such file or directory
compilation terminated.
configure:4901: $? = 1
configure: failed program was:
| /* confdefs.h */
| #define PACKAGE_NAME "OpenPANA"
| #define PACKAGE_TARNAME "openpana"
| #define PACKAGE_VERSION "0.2.4"
| #define PACKAGE_STRING "OpenPANA 0.2.4"
| #define PACKAGE_BUGREPORT "openpana-users@lists.sourceforge.net"
| #define PACKAGE_URL "http://openpana.sf.net"
| #define PACKAGE "openpana"
| #define VERSION "0.2.4"
| #define HAVE_LIBPTHREAD 1
| #define HAVE_LIBCRYPTO 1
| #define HAVE_LIBXML2 1
| /* end confdefs.h.  */
| #include <ac_nonexistent.h>
configure:4930: checking for grep that handles long lines and -e
configure:4988: result: /bin/grep
configure:4993: checking for egrep
configure:5055: result: /bin/grep -E
configure:5060: checking for ANSI C header files
configure:5080: gcc -std=gnu99 -c   conftest.c >&5
configure:5080: $? = 0
configure:5153: gcc -std=gnu99 -o conftest    conftest.c -lxml2 -lcrypto -lpthread  >&5
configure:5153: $? = 0
configure:5153: ./conftest
configure:5153: $? = 0
configure:5164: result: yes
configure:5177: checking for sys/types.h
configure:5177: gcc -std=gnu99 -c   conftest.c >&5
configure:5177: $? = 0
configure:5177: result: yes
configure:5177: checking for sys/stat.h
configure:5177: gcc -std=gnu99 -c   conftest.c >&5
configure:5177: $? = 0
configure:5177: result: yes
configure:5177: checking for stdlib.h
configure:5177: gcc -std=gnu99 -c   conftest.c >&5
configure:5177: $? = 0
configure:5177: result: yes
configure:5177: checking for string.h
configure:5177: gcc -std=gnu99 -c   conftest.c >&5
configure:5177: $? = 0
configure:5177: result: yes
configure:5177: checking for memory.h
configure:5177: gcc -std=gnu99 -c   conftest.c >&5
configure:5177: $? = 0
configure:5177: result: yes
configure:5177: checking for strings.h
configure:5177: gcc -std=gnu99 -c   conftest.c >&5
configure:5177: $? = 0
configure:5177: result: yes
configure:5177: checking for inttypes.h
configure:5177: gcc -std=gnu99 -c   conftest.c >&5
configure:5177: $? = 0
configure:5177: result: yes
configure:5177: checking for stdint.h
configure:5177: gcc -std=gnu99 -c   conftest.c >&5
configure:5177: $? = 0
configure:5177: result: yes
configure:5177: checking for unistd.h
configure:5177: gcc -std=gnu99 -c   conftest.c >&5
configure:5177: $? = 0
configure:5177: result: yes
configure:5192: checking arpa/inet.h usability
configure:5192: gcc -std=gnu99 -c   conftest.c >&5
configure:5192: $? = 0
configure:5192: result: yes
configure:5192: checking arpa/inet.h presence
configure:5192: gcc -std=gnu99 -E  conftest.c
configure:5192: $? = 0
configure:5192: result: yes
configure:5192: checking for arpa/inet.h
configure:5192: result: yes
configure:5192: checking for inttypes.h
configure:5192: result: yes
configure:5192: checking netinet/in.h usability
configure:5192: gcc -std=gnu99 -c   conftest.c >&5
configure:5192: $? = 0
configure:5192: result: yes
configure:5192: checking netinet/in.h presence
configure:5192: gcc -std=gnu99 -E  conftest.c
configure:5192: $? = 0
configure:5192: result: yes
configure:5192: checking for netinet/in.h
configure:5192: result: yes
configure:5192: checking for stdlib.h
configure:5192: result: yes
configure:5192: checking for string.h
configure:5192: result: yes
configure:5192: checking sys/socket.h usability
configure:5192: gcc -std=gnu99 -c   conftest.c >&5
configure:5192: $? = 0
configure:5192: result: yes
configure:5192: checking sys/socket.h presence
configure:5192: gcc -std=gnu99 -E  conftest.c
configure:5192: $? = 0
configure:5192: result: yes
configure:5192: checking for sys/socket.h
configure:5192: result: yes
configure:5192: checking sys/time.h usability
configure:5192: gcc -std=gnu99 -c   conftest.c >&5
configure:5192: $? = 0
configure:5192: result: yes
configure:5192: checking sys/time.h presence
configure:5192: gcc -std=gnu99 -E  conftest.c
configure:5192: $? = 0
configure:5192: result: yes
configure:5192: checking for sys/time.h
configure:5192: result: yes
configure:5192: checking time.h usability
configure:5192: gcc -std=gnu99 -c   conftest.c >&5
configure:5192: $? = 0
configure:5192: result: yes
configure:5192: checking time.h presence
configure:5192: gcc -std=gnu99 -E  conftest.c
configure:5192: $? = 0
configure:5192: result: yes
configure:5192: checking for time.h
configure:5192: result: yes
configure:5192: checking for unistd.h
configure:5192: result: yes
configure:5192: checking stdio.h usability
configure:5192: gcc -std=gnu99 -c   conftest.c >&5
configure:5192: $? = 0
configure:5192: result: yes
configure:5192: checking stdio.h presence
configure:5192: gcc -std=gnu99 -E  conftest.c
configure:5192: $? = 0
configure:5192: result: yes
configure:5192: checking for stdio.h
configure:5192: result: yes
configure:5192: checking signal.h usability
configure:5192: gcc -std=gnu99 -c   conftest.c >&5
configure:5192: $? = 0
configure:5192: result: yes
configure:5192: checking signal.h presence
configure:5192: gcc -std=gnu99 -E  conftest.c
configure:5192: $? = 0
configure:5192: result: yes
configure:5192: checking for signal.h
configure:5192: result: yes
configure:5192: checking semaphore.h usability
configure:5192: gcc -std=gnu99 -c   conftest.c >&5
configure:5192: $? = 0
configure:5192: result: yes
configure:5192: checking semaphore.h presence
configure:5192: gcc -std=gnu99 -E  conftest.c
configure:5192: $? = 0
configure:5192: result: yes
configure:5192: checking for semaphore.h
configure:5192: result: yes
configure:5192: checking pthread.h usability
configure:5192: gcc -std=gnu99 -c   conftest.c >&5
configure:5192: $? = 0
configure:5192: result: yes
configure:5192: checking pthread.h presence
configure:5192: gcc -std=gnu99 -E  conftest.c
configure:5192: $? = 0
configure:5192: result: yes
configure:5192: checking for pthread.h
configure:5192: result: yes
configure:5204: checking for stdbool.h that conforms to C99
configure:5271: gcc -std=gnu99 -c   conftest.c >&5
configure:5271: $? = 0
configure:5278: result: yes
configure:5280: checking for _Bool
configure:5280: gcc -std=gnu99 -c   conftest.c >&5
configure:5280: $? = 0
configure:5280: gcc -std=gnu99 -c   conftest.c >&5
conftest.c: In function 'main':
conftest.c:73:20: error: expected expression before ')' token
configure:5280: $? = 1
configure: failed program was:
| /* confdefs.h */
| #define PACKAGE_NAME "OpenPANA"
| #define PACKAGE_TARNAME "openpana"
| #define PACKAGE_VERSION "0.2.4"
| #define PACKAGE_STRING "OpenPANA 0.2.4"
| #define PACKAGE_BUGREPORT "openpana-users@lists.sourceforge.net"
| #define PACKAGE_URL "http://openpana.sf.net"
| #define PACKAGE "openpana"
| #define VERSION "0.2.4"
| #define HAVE_LIBPTHREAD 1
| #define HAVE_LIBCRYPTO 1
| #define HAVE_LIBXML2 1
| #define STDC_HEADERS 1
| #define HAVE_SYS_TYPES_H 1
| #define HAVE_SYS_STAT_H 1
| #define HAVE_STDLIB_H 1
| #define HAVE_STRING_H 1
| #define HAVE_MEMORY_H 1
| #define HAVE_STRINGS_H 1
| #define HAVE_INTTYPES_H 1
| #define HAVE_STDINT_H 1
| #define HAVE_UNISTD_H 1
| #define HAVE_ARPA_INET_H 1
| #define HAVE_INTTYPES_H 1
| #define HAVE_NETINET_IN_H 1
| #define HAVE_STDLIB_H 1
| #define HAVE_STRING_H 1
| #define HAVE_SYS_SOCKET_H 1
| #define HAVE_SYS_TIME_H 1
| #define HAVE_TIME_H 1
| #define HAVE_UNISTD_H 1
| #define HAVE_STDIO_H 1
| #define HAVE_SIGNAL_H 1
| #define HAVE_SEMAPHORE_H 1
| #define HAVE_PTHREAD_H 1
| /* end confdefs.h.  */
| #include <stdio.h>
| #ifdef HAVE_SYS_TYPES_H
| # include <sys/types.h>
| #endif
| #ifdef HAVE_SYS_STAT_H
| # include <sys/stat.h>
| #endif
| #ifdef STDC_HEADERS
| # include <stdlib.h>
| # include <stddef.h>
| #else
| # ifdef HAVE_STDLIB_H
| #  include <stdlib.h>
| # endif
| #endif
| #ifdef HAVE_STRING_H
| # if !defined STDC_HEADERS && defined HAVE_MEMORY_H
| #  include <memory.h>
| # endif
| # include <string.h>
| #endif
| #ifdef HAVE_STRINGS_H
| # include <strings.h>
| #endif
| #ifdef HAVE_INTTYPES_H
| # include <inttypes.h>
| #endif
| #ifdef HAVE_STDINT_H
| # include <stdint.h>
| #endif
| #ifdef HAVE_UNISTD_H
| # include <unistd.h>
| #endif
| int
| main ()
| {
| if (sizeof ((_Bool)))
| 	    return 0;
|   ;
|   return 0;
| }
configure:5280: result: yes
configure:5296: checking for size_t
configure:5296: gcc -std=gnu99 -c   conftest.c >&5
configure:5296: $? = 0
configure:5296: gcc -std=gnu99 -c   conftest.c >&5
conftest.c: In function 'main':
conftest.c:75:21: error: expected expression before ')' token
configure:5296: $? = 1
configure: failed program was:
| /* confdefs.h */
| #define PACKAGE_NAME "OpenPANA"
| #define PACKAGE_TARNAME "openpana"
| #define PACKAGE_VERSION "0.2.4"
| #define PACKAGE_STRING "OpenPANA 0.2.4"
| #define PACKAGE_BUGREPORT "openpana-users@lists.sourceforge.net"
| #define PACKAGE_URL "http://openpana.sf.net"
| #define PACKAGE "openpana"
| #define VERSION "0.2.4"
| #define HAVE_LIBPTHREAD 1
| #define HAVE_LIBCRYPTO 1
| #define HAVE_LIBXML2 1
| #define STDC_HEADERS 1
| #define HAVE_SYS_TYPES_H 1
| #define HAVE_SYS_STAT_H 1
| #define HAVE_STDLIB_H 1
| #define HAVE_STRING_H 1
| #define HAVE_MEMORY_H 1
| #define HAVE_STRINGS_H 1
| #define HAVE_INTTYPES_H 1
| #define HAVE_STDINT_H 1
| #define HAVE_UNISTD_H 1
| #define HAVE_ARPA_INET_H 1
| #define HAVE_INTTYPES_H 1
| #define HAVE_NETINET_IN_H 1
| #define HAVE_STDLIB_H 1
| #define HAVE_STRING_H 1
| #define HAVE_SYS_SOCKET_H 1
| #define HAVE_SYS_TIME_H 1
| #define HAVE_TIME_H 1
| #define HAVE_UNISTD_H 1
| #define HAVE_STDIO_H 1
| #define HAVE_SIGNAL_H 1
| #define HAVE_SEMAPHORE_H 1
| #define HAVE_PTHREAD_H 1
| #define HAVE__BOOL 1
| #define HAVE_STDBOOL_H 1
| /* end confdefs.h.  */
| #include <stdio.h>
| #ifdef HAVE_SYS_TYPES_H
| # include <sys/types.h>
| #endif
| #ifdef HAVE_SYS_STAT_H
| # include <sys/stat.h>
| #endif
| #ifdef STDC_HEADERS
| # include <stdlib.h>
| # include <stddef.h>
| #else
| # ifdef HAVE_STDLIB_H
| #  include <stdlib.h>
| # endif
| #endif
| #ifdef HAVE_STRING_H
| # if !defined STDC_HEADERS && defined HAVE_MEMORY_H
| #  include <memory.h>
| # endif
| # include <string.h>
| #endif
| #ifdef HAVE_STRINGS_H
| # include <strings.h>
| #endif
| #ifdef HAVE_INTTYPES_H
| # include <inttypes.h>
| #endif
| #ifdef HAVE_STDINT_H
| # include <stdint.h>
| #endif
| #ifdef HAVE_UNISTD_H
| # include <unistd.h>
| #endif
| int
| main ()
| {
| if (sizeof ((size_t)))
| 	    return 0;
|   ;
|   return 0;
| }
configure:5296: result: yes
configure:5307: checking for uint16_t
configure:5307: gcc -std=gnu99 -c   conftest.c >&5
configure:5307: $? = 0
configure:5307: result: yes
configure:5319: checking for uint32_t
configure:5319: gcc -std=gnu99 -c   conftest.c >&5
configure:5319: $? = 0
configure:5319: result: yes
configure:5337: checking for stdlib.h
configure:5337: result: yes
configure:5347: checking for GNU libc compatible malloc
configure:5371: gcc -std=gnu99 -o conftest    conftest.c -lxml2 -lcrypto -lpthread  >&5
configure:5371: $? = 0
configure:5371: ./conftest
configure:5371: $? = 0
configure:5381: result: yes
configure:5404: checking for stdlib.h
configure:5404: result: yes
configure:5414: checking for GNU libc compatible realloc
configure:5438: gcc -std=gnu99 -o conftest    conftest.c -lxml2 -lcrypto -lpthread  >&5
configure:5438: $? = 0
configure:5438: ./conftest
configure:5438: $? = 0
configure:5448: result: yes
configure:5472: checking for gettimeofday
configure:5472: gcc -std=gnu99 -o conftest    conftest.c -lxml2 -lcrypto -lpthread  >&5
configure:5472: $? = 0
configure:5472: result: yes
configure:5472: checking for inet_ntoa
configure:5472: gcc -std=gnu99 -o conftest    conftest.c -lxml2 -lcrypto -lpthread  >&5
configure:5472: $? = 0
configure:5472: result: yes
configure:5472: checking for memset
configure:5472: gcc -std=gnu99 -o conftest    conftest.c -lxml2 -lcrypto -lpthread  >&5
conftest.c:68:6: warning: conflicting types for built-in function 'memset' [enabled by default]
configure:5472: $? = 0
configure:5472: result: yes
configure:5472: checking for pow
configure:5472: gcc -std=gnu99 -o conftest    conftest.c -lxml2 -lcrypto -lpthread  >&5
conftest.c:69:6: warning: conflicting types for built-in function 'pow' [enabled by default]
/tmp/ccCKhple.o: In function `main':
conftest.c:(.text+0x7): undefined reference to `pow'
collect2: ld returned 1 exit status
configure:5472: $? = 1
configure: failed program was:
| /* confdefs.h */
| #define PACKAGE_NAME "OpenPANA"
| #define PACKAGE_TARNAME "openpana"
| #define PACKAGE_VERSION "0.2.4"
| #define PACKAGE_STRING "OpenPANA 0.2.4"
| #define PACKAGE_BUGREPORT "openpana-users@lists.sourceforge.net"
| #define PACKAGE_URL "http://openpana.sf.net"
| #define PACKAGE "openpana"
| #define VERSION "0.2.4"
| #define HAVE_LIBPTHREAD 1
| #define HAVE_LIBCRYPTO 1
| #define HAVE_LIBXML2 1
| #define STDC_HEADERS 1
| #define HAVE_SYS_TYPES_H 1
| #define HAVE_SYS_STAT_H 1
| #define HAVE_STDLIB_H 1
| #define HAVE_STRING_H 1
| #define HAVE_MEMORY_H 1
| #define HAVE_STRINGS_H 1
| #define HAVE_INTTYPES_H 1
| #define HAVE_STDINT_H 1
| #define HAVE_UNISTD_H 1
| #define HAVE_ARPA_INET_H 1
| #define HAVE_INTTYPES_H 1
| #define HAVE_NETINET_IN_H 1
| #define HAVE_STDLIB_H 1
| #define HAVE_STRING_H 1
| #define HAVE_SYS_SOCKET_H 1
| #define HAVE_SYS_TIME_H 1
| #define HAVE_TIME_H 1
| #define HAVE_UNISTD_H 1
| #define HAVE_STDIO_H 1
| #define HAVE_SIGNAL_H 1
| #define HAVE_SEMAPHORE_H 1
| #define HAVE_PTHREAD_H 1
| #define HAVE__BOOL 1
| #define HAVE_STDBOOL_H 1
| #define HAVE_STDLIB_H 1
| #define HAVE_MALLOC 1
| #define HAVE_STDLIB_H 1
| #define HAVE_REALLOC 1
| #define HAVE_GETTIMEOFDAY 1
| #define HAVE_INET_NTOA 1
| #define HAVE_MEMSET 1
| /* end confdefs.h.  */
| /* Define pow to an innocuous variant, in case <limits.h> declares pow.
|    For example, HP-UX 11i <limits.h> declares gettimeofday.  */
| #define pow innocuous_pow
| 
| /* System header to define __stub macros and hopefully few prototypes,
|     which can conflict with char pow (); below.
|     Prefer <limits.h> to <assert.h> if __STDC__ is defined, since
|     <limits.h> exists even on freestanding compilers.  */
| 
| #ifdef __STDC__
| # include <limits.h>
| #else
| # include <assert.h>
| #endif
| 
| #undef pow
| 
| /* Override any GCC internal prototype to avoid an error.
|    Use char because int might match the return type of a GCC
|    builtin and then its argument prototype would still apply.  */
| #ifdef __cplusplus
| extern "C"
| #endif
| char pow ();
| /* The GNU C library defines this for functions which it implements
|     to always fail with ENOSYS.  Some functions are actually named
|     something starting with __ and the normal name is an alias.  */
| #if defined __stub_pow || defined __stub___pow
| choke me
| #endif
| 
| int
| main ()
| {
| return pow ();
|   ;
|   return 0;
| }
configure:5472: result: no
configure:5472: checking for select
configure:5472: gcc -std=gnu99 -o conftest    conftest.c -lxml2 -lcrypto -lpthread  >&5
configure:5472: $? = 0
configure:5472: result: yes
configure:5472: checking for socket
configure:5472: gcc -std=gnu99 -o conftest    conftest.c -lxml2 -lcrypto -lpthread  >&5
configure:5472: $? = 0
configure:5472: result: yes
configure:5472: checking for bzero
configure:5472: gcc -std=gnu99 -o conftest    conftest.c -lxml2 -lcrypto -lpthread  >&5
conftest.c:71:6: warning: conflicting types for built-in function 'bzero' [enabled by default]
configure:5472: $? = 0
configure:5472: result: yes
configure:5484: checking for nanosleep
configure:5484: gcc -std=gnu99 -o conftest    conftest.c -lxml2 -lcrypto -lpthread  >&5
configure:5484: $? = 0
configure:5484: result: yes
configure:5610: checking for doxygen
configure:5643: result: no
configure:5663: WARNING: doxygen not found - will not generate any doxygen documentation
configure:5716: checking for perl
configure:5734: found /usr/bin/perl
configure:5746: result: /usr/bin/perl
configure:7442: checking whether to build with debug information
configure:7451: result: no
configure:7478: checking whether to build with aes cryptographic suite
configure:7487: result: yes
configure:7506: checking whether to build relay functionality in the PaC
configure:7515: result: no
configure:7767: creating ./config.status

## ---------------------- ##
## Running config.status. ##
## ---------------------- ##

This file was extended by OpenPANA config.status 0.2.4, which was
generated by GNU Autoconf 2.68.  Invocation command line was

  CONFIG_FILES    = 
  CONFIG_HEADERS  = 
  CONFIG_LINKS    = 
  CONFIG_COMMANDS = 
  $ ./config.status 

on ubuntu

config.status:954: creating Makefile
config.status:954: creating src/Makefile
config.status:954: creating src/libeapstack/Makefile
config.status:954: creating config.h
config.status:1183: executing depfiles commands

## ---------------- ##
## Cache variables. ##
## ---------------- ##

ac_cv_c_compiler_gnu=yes
ac_cv_c_uint16_t=yes
ac_cv_c_uint32_t=yes
ac_cv_cxx_compiler_gnu=yes
ac_cv_env_CCC_set=
ac_cv_env_CCC_value=
ac_cv_env_CC_set=
ac_cv_env_CC_value=
ac_cv_env_CFLAGS_set=
ac_cv_env_CFLAGS_value=
ac_cv_env_CPPFLAGS_set=
ac_cv_env_CPPFLAGS_value=
ac_cv_env_CPP_set=
ac_cv_env_CPP_value=
ac_cv_env_CXXFLAGS_set=
ac_cv_env_CXXFLAGS_value=
ac_cv_env_CXX_set=
ac_cv_env_CXX_value=
ac_cv_env_DOXYGEN_PAPER_SIZE_set=
ac_cv_env_DOXYGEN_PAPER_SIZE_value=
ac_cv_env_LDFLAGS_set=
ac_cv_env_LDFLAGS_value=
ac_cv_env_LIBS_set=
ac_cv_env_LIBS_value=
ac_cv_env_build_alias_set=
ac_cv_env_build_alias_value=
ac_cv_env_host_alias_set=
ac_cv_env_host_alias_value=
ac_cv_env_target_alias_set=
ac_cv_env_target_alias_value=
ac_cv_func_bzero=yes
ac_cv_func_gettimeofday=yes
ac_cv_func_inet_ntoa=yes
ac_cv_func_malloc_0_nonnull=yes
ac_cv_func_memset=yes
ac_cv_func_nanosleep=yes
ac_cv_func_pow=no
ac_cv_func_realloc_0_nonnull=yes
ac_cv_func_select=yes
ac_cv_func_socket=yes
ac_cv_header_arpa_inet_h=yes
ac_cv_header_inttypes_h=yes
ac_cv_header_memory_h=yes
ac_cv_header_netinet_in_h=yes
ac_cv_header_pthread_h=yes
ac_cv_header_semaphore_h=yes
ac_cv_header_signal_h=yes
ac_cv_header_stdbool_h=yes
ac_cv_header_stdc=yes
ac_cv_header_stdint_h=yes
ac_cv_header_stdio_h=yes
ac_cv_header_stdlib_h=yes
ac_cv_header_string_h=yes
ac_cv_header_strings_h=yes
ac_cv_header_sys_socket_h=yes
ac_cv_header_sys_stat_h=yes
ac_cv_header_sys_time_h=yes
ac_cv_header_sys_types_h=yes
ac_cv_header_time_h=yes
ac_cv_header_unistd_h=yes
ac_cv_lib_crypto_HMAC=yes
ac_cv_lib_pthread_pthread_mutex_lock=yes
ac_cv_lib_ssl_HMAC=no
ac_cv_lib_xml2_xmlCleanupParser=yes
ac_cv_objext=o
ac_cv_path_EGREP='/bin/grep -E'
ac_cv_path_GREP=/bin/grep
ac_cv_path_ac_pt_DX_PERL=/usr/bin/perl
ac_cv_path_install='/usr/bin/install -c'
ac_cv_path_mkdir=/bin/mkdir
ac_cv_prog_AWK=mawk
ac_cv_prog_CPP='gcc -std=gnu99 -E'
ac_cv_prog_ac_ct_CC=gcc
ac_cv_prog_ac_ct_CXX=clang++
ac_cv_prog_ac_ct_RANLIB=ranlib
ac_cv_prog_cc_c89=
ac_cv_prog_cc_c99=-std=gnu99
ac_cv_prog_cc_g=yes
ac_cv_prog_cxx_g=yes
ac_cv_prog_make_make_set=yes
ac_cv_type__Bool=yes
ac_cv_type_size_t=yes
am_cv_CC_dependencies_compiler_type=gcc3
am_cv_CXX_dependencies_compiler_type=gcc3

## ----------------- ##
## Output variables. ##
## ----------------- ##

ACLOCAL='${SHELL} /home/student/coap-eap-controller/config/missing --run aclocal-1.11'
AMDEPBACKSLASH='\'
AMDEP_FALSE='#'
AMDEP_TRUE=''
AMTAR='$${TAR-tar}'
AM_CFLAGS='  -D WITH_POSIX -g -Os -ffunction-sections -fdata-sections  -g -Wall -Wextra -pedantic -DAESCRYPTO'
AM_CPPFLAGS='  -L./state_machines -L./libeapstack -L./libcoap-4.1.1 -I/usr/include/libxml2 '
AUTOCONF='${SHELL} /home/student/coap-eap-controller/config/missing --run autoconf'
AUTOHEADER='${SHELL} /home/student/coap-eap-controller/config/missing --run autoheader'
AUTOMAKE='${SHELL} /home/student/coap-eap-controller/config/missing --run automake-1.11'
AWK='mawk'
CC='gcc -std=gnu99'
CCDEPMODE='depmode=gcc3'
CFLAGS=''
CPP='gcc -std=gnu99 -E'
CPPFLAGS=''
CXX='clang++'
CXXDEPMODE='depmode=gcc3'
CXXFLAGS='-g -O2'
CYGPATH_W='echo'
DBG_LINKOPT=' '
DEFS='-DHAVE_CONFIG_H'
DEPDIR='.deps'
DOXYGEN_PAPER_SIZE=''
DX_COND_chi_FALSE=''
DX_COND_chi_TRUE='#'
DX_COND_chm_FALSE=''
DX_COND_chm_TRUE='#'
DX_COND_doc_FALSE=''
DX_COND_doc_TRUE='#'
DX_COND_dot_FALSE=''
DX_COND_dot_TRUE='#'
DX_COND_html_FALSE=''
DX_COND_html_TRUE='#'
DX_COND_latex_FALSE=''
DX_COND_latex_TRUE='#'
DX_COND_man_FALSE=''
DX_COND_man_TRUE='#'
DX_COND_pdf_FALSE=''
DX_COND_pdf_TRUE='#'
DX_COND_ps_FALSE=''
DX_COND_ps_TRUE='#'
DX_COND_rtf_FALSE=''
DX_COND_rtf_TRUE='#'
DX_COND_xml_FALSE=''
DX_COND_xml_TRUE='#'
DX_CONFIG='doxygen.cfg'
DX_DOCDIR='doc'
DX_DOT=''
DX_DOXYGEN=''
DX_DVIPS=''
DX_EGREP=''
DX_ENV=' SRCDIR='\''.'\'' PROJECT='\''OpenPANA'\'' DOCDIR='\''doc'\'' VERSION='\''0.2.4'\'' HAVE_DOT='\''NO'\'' GENERATE_MAN='\''NO'\'' GENERATE_RTF='\''NO'\'' GENERATE_XML='\''NO'\'' GENERATE_HTMLHELP='\''NO'\'' GENERATE_CHI='\''NO'\'' GENERATE_HTML='\''NO'\'' GENERATE_LATEX='\''NO'\'''
DX_FLAG_DX_CURRENT_FEATURE=''
DX_FLAG_chi='0'
DX_FLAG_chm='0'
DX_FLAG_doc='0'
DX_FLAG_dot='0'
DX_FLAG_html='0'
DX_FLAG_man='0'
DX_FLAG_pdf='0'
DX_FLAG_ps='0'
DX_FLAG_rtf='0'
DX_FLAG_xml='0'
DX_HHC=''
DX_LATEX=''
DX_MAKEINDEX=''
DX_PDFLATEX=''
DX_PERL='/usr/bin/perl'
DX_PROJECT='OpenPANA'
ECHO_C=''
ECHO_N='-n'
ECHO_T=''
EGREP='/bin/grep -E'
EXEEXT=''
GREP='/bin/grep'
INSTALL_DATA='${INSTALL} -m 644'
INSTALL_PROGRAM='${INSTALL}'
INSTALL_SCRIPT='${INSTALL}'
INSTALL_STRIP_PROGRAM='$(install_sh) -c -s'
LDFLAGS=''
LIBOBJS=''
LIBS='-lxml2 -lcrypto -lpthread '
LN_S='ln -s'
LTLIBOBJS=''
MAKEINFO='${SHELL} /home/student/coap-eap-controller/config/missing --run makeinfo'
MKDIR_P='/bin/mkdir -p'
OBJEXT='o'
PACKAGE='openpana'
PACKAGE_BUGREPORT='openpana-users@lists.sourceforge.net'
PACKAGE_NAME='OpenPANA'
PACKAGE_STRING='OpenPANA 0.2.4'
PACKAGE_TARNAME='openpana'
PACKAGE_URL='http://openpana.sf.net'
PACKAGE_VERSION='0.2.4'
PATH_SEPARATOR=':'
RANLIB='ranlib'
SET_MAKE=''
SHELL='/bin/bash'
STRIP=''
VERSION='0.2.4'
ac_ct_CC='gcc'
ac_ct_CXX='clang++'
am__EXEEXT_FALSE=''
am__EXEEXT_TRUE='#'
am__fastdepCC_FALSE='#'
am__fastdepCC_TRUE=''
am__fastdepCXX_FALSE='#'
am__fastdepCXX_TRUE=''
am__include='include'
am__isrc=''
am__leading_dot='.'
am__nodep='_no'
am__quote=''
am__tar='$${TAR-tar} chof - "$$tardir"'
am__untar='$${TAR-tar} xf -'
bindir='${exec_prefix}/bin'
build_alias=''
datadir='${datarootdir}'
datarootdir='${prefix}/share'
docdir='${datarootdir}/doc/${PACKAGE_TARNAME}'
dvidir='${docdir}'
exec_prefix='${prefix}'
host_alias=''
htmldir='${docdir}'
includedir='${prefix}/include'
infodir='${datarootdir}/info'
install_sh='${SHELL} /home/student/coap-eap-controller/config/install-sh'
libdir='${exec_prefix}/lib'
libexecdir='${exec_prefix}/libexec'
localedir='${datarootdir}/locale'
localstatedir='${prefix}/var'
mandir='${datarootdir}/man'
mkdir_p='/bin/mkdir -p'
oldincludedir='/usr/include'
pdfdir='${docdir}'
prefix='/usr/local'
program_transform_name='s,x,x,'
psdir='${docdir}'
sbindir='${exec_prefix}/sbin'
sharedstatedir='${prefix}/com'
subdirs=' src/libcoap-4.1.1'
sysconfdir='${prefix}/etc'
target_alias=''

## ----------- ##
## confdefs.h. ##
## ----------- ##

/* confdefs.h */
#define PACKAGE_NAME "OpenPANA"
#define PACKAGE_TARNAME "openpana"
#define PACKAGE_VERSION "0.2.4"
#define PACKAGE_STRING "OpenPANA 0.2.4"
#define PACKAGE_BUGREPORT "openpana-users@lists.sourceforge.net"
#define PACKAGE_URL "http://openpana.sf.net"
#define PACKAGE "openpana"
#define VERSION "0.2.4"
#define HAVE_LIBPTHREAD 1
#define HAVE_LIBCRYPTO 1
#define HAVE_LIBXML2 1
#define STDC_HEADERS 1
#define HAVE_SYS_TYPES_H 1
#define HAVE_SYS_STAT_H 1
#define HAVE_STDLIB_H 1
#define HAVE_STRING_H 1
#define HAVE_MEMORY_H 1
#define HAVE_STRINGS_H 1
#define HAVE_INTTYPES_H 1
#define HAVE_STDINT_H 1
#define HAVE_UNISTD_H 1
#define HAVE_ARPA_INET_H 1
#define HAVE_INTTYPES_H 1
#define HAVE_NETINET_IN_H 1
#define HAVE_STDLIB_H 1
#define HAVE_STRING_H 1
#define HAVE_SYS_SOCKET_H 1
#define HAVE_SYS_TIME_H 1
#define HAVE_TIME_H 1
#define HAVE_UNISTD_H 1
#define HAVE_STDIO_H 1
#define HAVE_SIGNAL_H 1
#define HAVE_SEMAPHORE_H 1
#define HAVE_PTHREAD_H 1
#define HAVE__BOOL 1
#define HAVE_STDBOOL_H 1
#define HAVE_STDLIB_H 1
#define HAVE_MALLOC 1
#define HAVE_STDLIB_H 1
#define HAVE_REALLOC 1
#define HAVE_GETTIMEOFDAY 1
#define HAVE_INET_NTOA 1
#define HAVE_MEMSET 1
#define HAVE_SELECT 1
#define HAVE_SOCKET 1
#define HAVE_BZERO 1
#define HAVE_NANOSLEEP 1
#define NDEBUG /**/
#define AES /**/

configure: exit 0
